[ 2018-05-29T09:55:25+08:00 ] 192.168.1.9 /Admin/index/index
INFO: [ app_init ] --START--
INFO: Run Behavior\BuildLiteBehavior [ RunTime:0.000000s ]
INFO: [ app_init ] --END-- [ RunTime:0.003000s ]
INFO: [ app_begin ] --START--
INFO: Run Behavior\ReadHtmlCacheBehavior [ RunTime:0.001000s ]
INFO: [ app_begin ] --END-- [ RunTime:0.001000s ]
SQL: SHOW COLUMNS FROM `lg_agent` [ RunTime:0.0450s ]
SQL: SELECT `agent` FROM `lg_agent` WHERE `platform_id` = 1 AND `game_id` <> 104  [ RunTime:0.0000s ]
SQL: SHOW COLUMNS FROM `la_menu` [ RunTime:0.0360s ]
SQL: SELECT * FROM `la_menu` WHERE `pid` = 0 AND `status` = 1 ORDER BY order_id  [ RunTime:0.0010s ]
SQL: SHOW COLUMNS FROM `la_manager_menu` [ RunTime:0.0390s ]
SQL: SELECT * FROM `la_manager_menu` WHERE `manager_id` = 1  [ RunTime:0.0010s ]
SQL: SELECT * FROM `la_menu` WHERE `pid` = 3 AND `status` = 1 ORDER BY order_id  [ RunTime:0.0000s ]
SQL: SELECT * FROM `la_manager_menu` WHERE `manager_id` = 1  [ RunTime:0.0000s ]
SQL: SELECT * FROM `la_menu` WHERE `pid` = 75 AND `status` = 1 ORDER BY order_id  [ RunTime:0.0010s ]
SQL: SELECT * FROM `la_manager_menu` WHERE `manager_id` = 1  [ RunTime:0.0010s ]
SQL: SELECT * FROM `la_menu` WHERE `pid` = 99 AND `status` = 1 ORDER BY order_id  [ RunTime:0.0010s ]
SQL: SELECT * FROM `la_manager_menu` WHERE `manager_id` = 1  [ RunTime:0.0010s ]
SQL: SELECT * FROM `la_menu` WHERE `pid` = 98 AND `status` = 1 ORDER BY order_id  [ RunTime:0.0010s ]
SQL: SELECT * FROM `la_manager_menu` WHERE `manager_id` = 1  [ RunTime:0.0010s ]
SQL: SELECT * FROM `la_menu` WHERE `pid` = 80 AND `status` = 1 ORDER BY order_id  [ RunTime:0.0010s ]
SQL: SELECT * FROM `la_manager_menu` WHERE `manager_id` = 1  [ RunTime:0.0010s ]
SQL: SELECT * FROM `la_menu` WHERE `pid` = 10678 AND `status` = 1 ORDER BY order_id  [ RunTime:0.0000s ]
SQL: SELECT * FROM `la_manager_menu` WHERE `manager_id` = 1  [ RunTime:0.0000s ]
SQL: SELECT * FROM `la_menu` WHERE `pid` = 10679 AND `status` = 1 ORDER BY order_id  [ RunTime:0.0010s ]
SQL: SELECT * FROM `la_manager_menu` WHERE `manager_id` = 1  [ RunTime:0.0010s ]
SQL: SELECT * FROM `la_menu` WHERE `pid` = 10702 AND `status` = 1 ORDER BY order_id  [ RunTime:0.0000s ]
SQL: SELECT * FROM `la_manager_menu` WHERE `manager_id` = 1  [ RunTime:0.0000s ]
SQL: SELECT * FROM `la_menu` WHERE `pid` = 10703 AND `status` = 1 ORDER BY order_id  [ RunTime:0.0010s ]
SQL: SELECT * FROM `la_manager_menu` WHERE `manager_id` = 1  [ RunTime:0.0010s ]
SQL: SELECT * FROM `la_menu` WHERE `pid` = 10714 AND `status` = 1 ORDER BY order_id  [ RunTime:0.0000s ]
SQL: SELECT * FROM `la_manager_menu` WHERE `manager_id` = 1  [ RunTime:0.0010s ]
SQL: SELECT * FROM `la_menu` WHERE `pid` = 10719 AND `status` = 1 ORDER BY order_id  [ RunTime:0.0010s ]
SQL: SELECT * FROM `la_manager_menu` WHERE `manager_id` = 1  [ RunTime:0.0010s ]
SQL: SELECT * FROM `la_menu` WHERE `pid` = 10721 AND `status` = 1 ORDER BY order_id  [ RunTime:0.0010s ]
SQL: SELECT * FROM `la_manager_menu` WHERE `manager_id` = 1  [ RunTime:0.0010s ]
SQL: SELECT * FROM `la_menu` WHERE `pid` = 10638 AND `status` = 1 ORDER BY order_id  [ RunTime:0.0000s ]
SQL: SELECT * FROM `la_manager_menu` WHERE `manager_id` = 1  [ RunTime:0.0000s ]
SQL: SELECT * FROM `la_menu` WHERE `pid` = 10641 AND `status` = 1 ORDER BY order_id  [ RunTime:0.0010s ]
SQL: SELECT * FROM `la_manager_menu` WHERE `manager_id` = 1  [ RunTime:0.0010s ]
SQL: SELECT * FROM `la_menu` WHERE `pid` = 10639 AND `status` = 1 ORDER BY order_id  [ RunTime:0.0000s ]
SQL: SELECT * FROM `la_manager_menu` WHERE `manager_id` = 1  [ RunTime:0.0010s ]
SQL: SELECT * FROM `la_menu` WHERE `pid` = 10643 AND `status` = 1 ORDER BY order_id  [ RunTime:0.0010s ]
SQL: SELECT * FROM `la_manager_menu` WHERE `manager_id` = 1  [ RunTime:0.0000s ]
SQL: SELECT * FROM `la_menu` WHERE `pid` = 10645 AND `status` = 1 ORDER BY order_id  [ RunTime:0.0010s ]
SQL: SELECT * FROM `la_manager_menu` WHERE `manager_id` = 1  [ RunTime:0.0010s ]
SQL: SELECT * FROM `la_menu` WHERE `pid` = 10646 AND `status` = 1 ORDER BY order_id  [ RunTime:0.0000s ]
SQL: SELECT * FROM `la_manager_menu` WHERE `manager_id` = 1  [ RunTime:0.0000s ]
SQL: SELECT * FROM `la_menu` WHERE `pid` = 10650 AND `status` = 1 ORDER BY order_id  [ RunTime:0.0010s ]
SQL: SELECT * FROM `la_manager_menu` WHERE `manager_id` = 1  [ RunTime:0.0010s ]
SQL: SELECT * FROM `la_menu` WHERE `pid` = 10653 AND `status` = 1 ORDER BY order_id  [ RunTime:0.0000s ]
SQL: SELECT * FROM `la_manager_menu` WHERE `manager_id` = 1  [ RunTime:0.0000s ]
SQL: SELECT * FROM `la_menu` WHERE `pid` = 10700 AND `status` = 1 ORDER BY order_id  [ RunTime:0.0000s ]
SQL: SELECT * FROM `la_manager_menu` WHERE `manager_id` = 1  [ RunTime:0.0000s ]
SQL: SELECT * FROM `la_menu` WHERE `pid` = 10635 AND `status` = 1 ORDER BY order_id  [ RunTime:0.0010s ]
SQL: SELECT * FROM `la_manager_menu` WHERE `manager_id` = 1  [ RunTime:0.0000s ]
SQL: SELECT * FROM `la_menu` WHERE `pid` = 10636 AND `status` = 1 ORDER BY order_id  [ RunTime:0.0000s ]
SQL: SELECT * FROM `la_manager_menu` WHERE `manager_id` = 1  [ RunTime:0.0000s ]
SQL: SELECT * FROM `la_menu` WHERE `pid` = 10686 AND `status` = 1 ORDER BY order_id  [ RunTime:0.0000s ]
SQL: SELECT * FROM `la_manager_menu` WHERE `manager_id` = 1  [ RunTime:0.0010s ]
SQL: SELECT * FROM `la_menu` WHERE `pid` = 10739 AND `status` = 1 ORDER BY order_id  [ RunTime:0.0000s ]
SQL: SELECT * FROM `la_manager_menu` WHERE `manager_id` = 1  [ RunTime:0.0000s ]
SQL: SELECT * FROM `la_menu` WHERE `pid` = 10690 AND `status` = 1 ORDER BY order_id  [ RunTime:0.0010s ]
SQL: SELECT * FROM `la_manager_menu` WHERE `manager_id` = 1  [ RunTime:0.0000s ]
SQL: SELECT * FROM `la_menu` WHERE `pid` = 10691 AND `status` = 1 ORDER BY order_id  [ RunTime:0.0000s ]
SQL: SELECT * FROM `la_manager_menu` WHERE `manager_id` = 1  [ RunTime:0.0010s ]
SQL: SELECT * FROM `la_menu` WHERE `pid` = 10747 AND `status` = 1 ORDER BY order_id  [ RunTime:0.0010s ]
SQL: SELECT * FROM `la_manager_menu` WHERE `manager_id` = 1  [ RunTime:0.0000s ]
SQL: SELECT * FROM `la_menu` WHERE `pid` = 2 AND `status` = 1 ORDER BY order_id  [ RunTime:0.0000s ]
SQL: SELECT * FROM `la_manager_menu` WHERE `manager_id` = 1  [ RunTime:0.0000s ]
SQL: SELECT * FROM `la_menu` WHERE `pid` = 10 AND `status` = 1 ORDER BY order_id  [ RunTime:0.0000s ]
SQL: SELECT * FROM `la_manager_menu` WHERE `manager_id` = 1  [ RunTime:0.0010s ]
SQL: SELECT * FROM `la_menu` WHERE `pid` = 14 AND `status` = 1 ORDER BY order_id  [ RunTime:0.0010s ]
SQL: SELECT * FROM `la_manager_menu` WHERE `manager_id` = 1  [ RunTime:0.0000s ]
INFO: [ view_parse ] --START--
INFO: [ template_filter ] --START--
INFO: Run Behavior\ContentReplaceBehavior [ RunTime:0.001000s ]
INFO: [ template_filter ] --END-- [ RunTime:0.001000s ]
INFO: Run Behavior\ParseTemplateBehavior [ RunTime:0.046000s ]
INFO: [ view_parse ] --END-- [ RunTime:0.046000s ]
INFO: [ view_filter ] --START--
INFO: Run Behavior\WriteHtmlCacheBehavior [ RunTime:0.000000s ]
INFO: [ view_filter ] --END-- [ RunTime:0.000000s ]
INFO: [ app_end ] --START--
INFO: Run Behavior\ShowPageTraceBehavior [ RunTime:0.000000s ]
INFO: [ app_end ] --END-- [ RunTime:0.001000s ]

[ 2018-05-29T09:55:29+08:00 ] 192.168.1.9 /Admin/System/role.html
INFO: [ app_init ] --START--
INFO: Run Behavior\BuildLiteBehavior [ RunTime:0.000000s ]
INFO: [ app_init ] --END-- [ RunTime:0.001000s ]
INFO: [ app_begin ] --START--
INFO: Run Behavior\ReadHtmlCacheBehavior [ RunTime:0.001000s ]
INFO: [ app_begin ] --END-- [ RunTime:0.001000s ]
SQL: SHOW COLUMNS FROM `lg_agent` [ RunTime:0.0020s ]
SQL: SELECT `agent` FROM `lg_agent` WHERE `platform_id` = 1 AND `game_id` <> 104  [ RunTime:0.0000s ]
INFO: [ view_parse ] --START--
INFO: [ template_filter ] --START--
INFO: Run Behavior\ContentReplaceBehavior [ RunTime:0.000000s ]
INFO: [ template_filter ] --END-- [ RunTime:0.000000s ]
INFO: Run Behavior\ParseTemplateBehavior [ RunTime:0.014000s ]
INFO: [ view_parse ] --END-- [ RunTime:0.014000s ]
INFO: [ view_filter ] --START--
INFO: Run Behavior\WriteHtmlCacheBehavior [ RunTime:0.000000s ]
INFO: [ view_filter ] --END-- [ RunTime:0.000000s ]
INFO: [ app_end ] --START--
INFO: Run Behavior\ShowPageTraceBehavior [ RunTime:0.000000s ]
INFO: [ app_end ] --END-- [ RunTime:0.000000s ]

[ 2018-05-29T09:55:29+08:00 ] 192.168.1.9 /Admin/System/role.html
INFO: [ app_init ] --START--
INFO: Run Behavior\BuildLiteBehavior [ RunTime:0.000000s ]
INFO: [ app_init ] --END-- [ RunTime:0.001000s ]
INFO: [ app_begin ] --START--
INFO: Run Behavior\ReadHtmlCacheBehavior [ RunTime:0.000000s ]
INFO: [ app_begin ] --END-- [ RunTime:0.000000s ]
SQL: SHOW COLUMNS FROM `lg_agent` [ RunTime:0.0030s ]
SQL: SELECT `agent` FROM `lg_agent` WHERE `platform_id` = 1 AND `game_id` <> 104  [ RunTime:0.0000s ]
SQL: SHOW COLUMNS FROM `la_manager` [ RunTime:0.0120s ]
SQL: SELECT * FROM `la_manager` LIMIT 0,30   [ RunTime:0.0000s ]
SQL: SELECT COUNT(*) AS tp_count FROM `la_manager` LIMIT 1   [ RunTime:0.0010s ]

[ 2018-05-29T09:55:35+08:00 ] 192.168.1.9 /Admin/index/index
INFO: [ app_init ] --START--
INFO: Run Behavior\BuildLiteBehavior [ RunTime:0.001000s ]
INFO: [ app_init ] --END-- [ RunTime:0.001000s ]
INFO: [ app_begin ] --START--
INFO: Run Behavior\ReadHtmlCacheBehavior [ RunTime:0.001000s ]
INFO: [ app_begin ] --END-- [ RunTime:0.001000s ]
SQL: SHOW COLUMNS FROM `lg_agent` [ RunTime:0.0020s ]
SQL: SELECT `agent` FROM `lg_agent` WHERE `platform_id` = 1 AND `game_id` <> 104  [ RunTime:0.0000s ]
SQL: SHOW COLUMNS FROM `la_menu` [ RunTime:0.0010s ]
SQL: SELECT * FROM `la_menu` WHERE `pid` = 0 AND `status` = 1 ORDER BY order_id  [ RunTime:0.0000s ]
SQL: SHOW COLUMNS FROM `la_manager_menu` [ RunTime:0.0030s ]
SQL: SELECT * FROM `la_manager_menu` WHERE `manager_id` = 1  [ RunTime:0.0000s ]
SQL: SELECT * FROM `la_menu` WHERE `pid` = 3 AND `status` = 1 ORDER BY order_id  [ RunTime:0.0000s ]
SQL: SELECT * FROM `la_manager_menu` WHERE `manager_id` = 1  [ RunTime:0.0010s ]
SQL: SELECT * FROM `la_menu` WHERE `pid` = 75 AND `status` = 1 ORDER BY order_id  [ RunTime:0.0010s ]
SQL: SELECT * FROM `la_manager_menu` WHERE `manager_id` = 1  [ RunTime:0.0010s ]
SQL: SELECT * FROM `la_menu` WHERE `pid` = 99 AND `status` = 1 ORDER BY order_id  [ RunTime:0.0000s ]
SQL: SELECT * FROM `la_manager_menu` WHERE `manager_id` = 1  [ RunTime:0.0000s ]
SQL: SELECT * FROM `la_menu` WHERE `pid` = 98 AND `status` = 1 ORDER BY order_id  [ RunTime:0.0000s ]
SQL: SELECT * FROM `la_manager_menu` WHERE `manager_id` = 1  [ RunTime:0.0010s ]
SQL: SELECT * FROM `la_menu` WHERE `pid` = 80 AND `status` = 1 ORDER BY order_id  [ RunTime:0.0000s ]
SQL: SELECT * FROM `la_manager_menu` WHERE `manager_id` = 1  [ RunTime:0.0000s ]
SQL: SELECT * FROM `la_menu` WHERE `pid` = 10678 AND `status` = 1 ORDER BY order_id  [ RunTime:0.0000s ]
SQL: SELECT * FROM `la_manager_menu` WHERE `manager_id` = 1  [ RunTime:0.0000s ]
SQL: SELECT * FROM `la_menu` WHERE `pid` = 10679 AND `status` = 1 ORDER BY order_id  [ RunTime:0.0000s ]
SQL: SELECT * FROM `la_manager_menu` WHERE `manager_id` = 1  [ RunTime:0.0000s ]
SQL: SELECT * FROM `la_menu` WHERE `pid` = 10702 AND `status` = 1 ORDER BY order_id  [ RunTime:0.0000s ]
SQL: SELECT * FROM `la_manager_menu` WHERE `manager_id` = 1  [ RunTime:0.0000s ]
SQL: SELECT * FROM `la_menu` WHERE `pid` = 10703 AND `status` = 1 ORDER BY order_id  [ RunTime:0.0010s ]
SQL: SELECT * FROM `la_manager_menu` WHERE `manager_id` = 1  [ RunTime:0.0000s ]
SQL: SELECT * FROM `la_menu` WHERE `pid` = 10714 AND `status` = 1 ORDER BY order_id  [ RunTime:0.0000s ]
SQL: SELECT * FROM `la_manager_menu` WHERE `manager_id` = 1  [ RunTime:0.0000s ]
SQL: SELECT * FROM `la_menu` WHERE `pid` = 10719 AND `status` = 1 ORDER BY order_id  [ RunTime:0.0000s ]
SQL: SELECT * FROM `la_manager_menu` WHERE `manager_id` = 1  [ RunTime:0.0010s ]
SQL: SELECT * FROM `la_menu` WHERE `pid` = 10721 AND `status` = 1 ORDER BY order_id  [ RunTime:0.0000s ]
SQL: SELECT * FROM `la_manager_menu` WHERE `manager_id` = 1  [ RunTime:0.0000s ]
SQL: SELECT * FROM `la_menu` WHERE `pid` = 10638 AND `status` = 1 ORDER BY order_id  [ RunTime:0.0000s ]
SQL: SELECT * FROM `la_manager_menu` WHERE `manager_id` = 1  [ RunTime:0.0000s ]
SQL: SELECT * FROM `la_menu` WHERE `pid` = 10641 AND `status` = 1 ORDER BY order_id  [ RunTime:0.0010s ]
SQL: SELECT * FROM `la_manager_menu` WHERE `manager_id` = 1  [ RunTime:0.0000s ]
SQL: SELECT * FROM `la_menu` WHERE `pid` = 10639 AND `status` = 1 ORDER BY order_id  [ RunTime:0.0010s ]
SQL: SELECT * FROM `la_manager_menu` WHERE `manager_id` = 1  [ RunTime:0.0000s ]
SQL: SELECT * FROM `la_menu` WHERE `pid` = 10643 AND `status` = 1 ORDER BY order_id  [ RunTime:0.0010s ]
SQL: SELECT * FROM `la_manager_menu` WHERE `manager_id` = 1  [ RunTime:0.0000s ]
SQL: SELECT * FROM `la_menu` WHERE `pid` = 10645 AND `status` = 1 ORDER BY order_id  [ RunTime:0.0000s ]
SQL: SELECT * FROM `la_manager_menu` WHERE `manager_id` = 1  [ RunTime:0.0010s ]
SQL: SELECT * FROM `la_menu` WHERE `pid` = 10646 AND `status` = 1 ORDER BY order_id  [ RunTime:0.0000s ]
SQL: SELECT * FROM `la_manager_menu` WHERE `manager_id` = 1  [ RunTime:0.0010s ]
SQL: SELECT * FROM `la_menu` WHERE `pid` = 10650 AND `status` = 1 ORDER BY order_id  [ RunTime:0.0000s ]
SQL: SELECT * FROM `la_manager_menu` WHERE `manager_id` = 1  [ RunTime:0.0010s ]
SQL: SELECT * FROM `la_menu` WHERE `pid` = 10653 AND `status` = 1 ORDER BY order_id  [ RunTime:0.0010s ]
SQL: SELECT * FROM `la_manager_menu` WHERE `manager_id` = 1  [ RunTime:0.0000s ]
SQL: SELECT * FROM `la_menu` WHERE `pid` = 10700 AND `status` = 1 ORDER BY order_id  [ RunTime:0.0000s ]
SQL: SELECT * FROM `la_manager_menu` WHERE `manager_id` = 1  [ RunTime:0.0000s ]
SQL: SELECT * FROM `la_menu` WHERE `pid` = 10635 AND `status` = 1 ORDER BY order_id  [ RunTime:0.0010s ]
SQL: SELECT * FROM `la_manager_menu` WHERE `manager_id` = 1  [ RunTime:0.0000s ]
SQL: SELECT * FROM `la_menu` WHERE `pid` = 10636 AND `status` = 1 ORDER BY order_id  [ RunTime:0.0000s ]
SQL: SELECT * FROM `la_manager_menu` WHERE `manager_id` = 1  [ RunTime:0.0000s ]
SQL: SELECT * FROM `la_menu` WHERE `pid` = 10686 AND `status` = 1 ORDER BY order_id  [ RunTime:0.0000s ]
SQL: SELECT * FROM `la_manager_menu` WHERE `manager_id` = 1  [ RunTime:0.0010s ]
SQL: SELECT * FROM `la_menu` WHERE `pid` = 10739 AND `status` = 1 ORDER BY order_id  [ RunTime:0.0000s ]
SQL: SELECT * FROM `la_manager_menu` WHERE `manager_id` = 1  [ RunTime:0.0000s ]
SQL: SELECT * FROM `la_menu` WHERE `pid` = 10690 AND `status` = 1 ORDER BY order_id  [ RunTime:0.0000s ]
SQL: SELECT * FROM `la_manager_menu` WHERE `manager_id` = 1  [ RunTime:0.0000s ]
SQL: SELECT * FROM `la_menu` WHERE `pid` = 10691 AND `status` = 1 ORDER BY order_id  [ RunTime:0.0010s ]
SQL: SELECT * FROM `la_manager_menu` WHERE `manager_id` = 1  [ RunTime:0.0000s ]
SQL: SELECT * FROM `la_menu` WHERE `pid` = 10747 AND `status` = 1 ORDER BY order_id  [ RunTime:0.0010s ]
SQL: SELECT * FROM `la_manager_menu` WHERE `manager_id` = 1  [ RunTime:0.0000s ]
SQL: SELECT * FROM `la_menu` WHERE `pid` = 2 AND `status` = 1 ORDER BY order_id  [ RunTime:0.0010s ]
SQL: SELECT * FROM `la_manager_menu` WHERE `manager_id` = 1  [ RunTime:0.0000s ]
SQL: SELECT * FROM `la_menu` WHERE `pid` = 10 AND `status` = 1 ORDER BY order_id  [ RunTime:0.0000s ]
SQL: SELECT * FROM `la_manager_menu` WHERE `manager_id` = 1  [ RunTime:0.0010s ]
SQL: SELECT * FROM `la_menu` WHERE `pid` = 14 AND `status` = 1 ORDER BY order_id  [ RunTime:0.0000s ]
SQL: SELECT * FROM `la_manager_menu` WHERE `manager_id` = 1  [ RunTime:0.0000s ]
INFO: [ view_parse ] --START--
INFO: [ template_filter ] --START--
INFO: Run Behavior\ContentReplaceBehavior [ RunTime:0.000000s ]
INFO: [ template_filter ] --END-- [ RunTime:0.000000s ]
INFO: Run Behavior\ParseTemplateBehavior [ RunTime:0.006000s ]
INFO: [ view_parse ] --END-- [ RunTime:0.006000s ]
INFO: [ view_filter ] --START--
INFO: Run Behavior\WriteHtmlCacheBehavior [ RunTime:0.000000s ]
INFO: [ view_filter ] --END-- [ RunTime:0.000000s ]
INFO: [ app_end ] --START--
INFO: Run Behavior\ShowPageTraceBehavior [ RunTime:0.000000s ]
INFO: [ app_end ] --END-- [ RunTime:0.000000s ]

[ 2018-05-29T09:55:35+08:00 ] 192.168.1.9 /Admin/System/role.html
INFO: [ app_init ] --START--
INFO: Run Behavior\BuildLiteBehavior [ RunTime:0.000000s ]
INFO: [ app_init ] --END-- [ RunTime:0.000000s ]
INFO: [ app_begin ] --START--
INFO: Run Behavior\ReadHtmlCacheBehavior [ RunTime:0.001000s ]
INFO: [ app_begin ] --END-- [ RunTime:0.001000s ]
SQL: SHOW COLUMNS FROM `lg_agent` [ RunTime:0.0020s ]
SQL: SELECT `agent` FROM `lg_agent` WHERE `platform_id` = 1 AND `game_id` <> 104  [ RunTime:0.0000s ]
INFO: [ view_parse ] --START--
INFO: [ template_filter ] --START--
INFO: Run Behavior\ContentReplaceBehavior [ RunTime:0.000000s ]
INFO: [ template_filter ] --END-- [ RunTime:0.000000s ]
INFO: Run Behavior\ParseTemplateBehavior [ RunTime:0.007000s ]
INFO: [ view_parse ] --END-- [ RunTime:0.008000s ]
INFO: [ view_filter ] --START--
INFO: Run Behavior\WriteHtmlCacheBehavior [ RunTime:0.001000s ]
INFO: [ view_filter ] --END-- [ RunTime:0.001000s ]
INFO: [ app_end ] --START--
INFO: Run Behavior\ShowPageTraceBehavior [ RunTime:0.000000s ]
INFO: [ app_end ] --END-- [ RunTime:0.000000s ]

[ 2018-05-29T09:55:35+08:00 ] 192.168.1.9 /Admin/System/role.html
INFO: [ app_init ] --START--
INFO: Run Behavior\BuildLiteBehavior [ RunTime:0.000000s ]
INFO: [ app_init ] --END-- [ RunTime:0.000000s ]
INFO: [ app_begin ] --START--
INFO: Run Behavior\ReadHtmlCacheBehavior [ RunTime:0.002000s ]
INFO: [ app_begin ] --END-- [ RunTime:0.002000s ]
SQL: SHOW COLUMNS FROM `lg_agent` [ RunTime:0.0010s ]
SQL: SELECT `agent` FROM `lg_agent` WHERE `platform_id` = 1 AND `game_id` <> 104  [ RunTime:0.0000s ]
SQL: SHOW COLUMNS FROM `la_manager` [ RunTime:0.0030s ]
SQL: SELECT * FROM `la_manager` LIMIT 0,30   [ RunTime:0.0010s ]
SQL: SELECT COUNT(*) AS tp_count FROM `la_manager` LIMIT 1   [ RunTime:0.0000s ]

[ 2018-05-29T09:55:36+08:00 ] 192.168.1.9 /Admin/System/roleAdd.html
INFO: [ app_init ] --START--
INFO: Run Behavior\BuildLiteBehavior [ RunTime:0.000000s ]
INFO: [ app_init ] --END-- [ RunTime:0.001000s ]
INFO: [ app_begin ] --START--
INFO: Run Behavior\ReadHtmlCacheBehavior [ RunTime:0.001000s ]
INFO: [ app_begin ] --END-- [ RunTime:0.001000s ]
SQL: SHOW COLUMNS FROM `lg_agent` [ RunTime:0.0040s ]
SQL: SELECT `agent` FROM `lg_agent` WHERE `platform_id` = 1 AND `game_id` <> 104  [ RunTime:0.0000s ]
INFO: [ view_parse ] --START--
INFO: [ template_filter ] --START--
INFO: Run Behavior\ContentReplaceBehavior [ RunTime:0.000000s ]
INFO: [ template_filter ] --END-- [ RunTime:0.001000s ]
INFO: Run Behavior\ParseTemplateBehavior [ RunTime:0.032000s ]
INFO: [ view_parse ] --END-- [ RunTime:0.032000s ]
INFO: [ view_filter ] --START--
INFO: Run Behavior\WriteHtmlCacheBehavior [ RunTime:0.000000s ]
INFO: [ view_filter ] --END-- [ RunTime:0.000000s ]

[ 2018-05-29T09:55:46+08:00 ] 192.168.1.9 /Admin/Website/webStatic.html
INFO: [ app_init ] --START--
INFO: Run Behavior\BuildLiteBehavior [ RunTime:0.000000s ]
INFO: [ app_init ] --END-- [ RunTime:0.000000s ]
INFO: [ app_begin ] --START--
INFO: Run Behavior\ReadHtmlCacheBehavior [ RunTime:0.000000s ]
INFO: [ app_begin ] --END-- [ RunTime:0.001000s ]
SQL: SHOW COLUMNS FROM `lg_agent` [ RunTime:0.0030s ]
SQL: SELECT `agent` FROM `lg_agent` WHERE `platform_id` = 1 AND `game_id` <> 104  [ RunTime:0.0010s ]
INFO: [ view_parse ] --START--
INFO: [ template_filter ] --START--
INFO: Run Behavior\ContentReplaceBehavior [ RunTime:0.000000s ]
INFO: [ template_filter ] --END-- [ RunTime:0.000000s ]
INFO: Run Behavior\ParseTemplateBehavior [ RunTime:0.015000s ]
INFO: [ view_parse ] --END-- [ RunTime:0.015000s ]
INFO: [ view_filter ] --START--
INFO: Run Behavior\WriteHtmlCacheBehavior [ RunTime:0.001000s ]
INFO: [ view_filter ] --END-- [ RunTime:0.001000s ]
INFO: [ app_end ] --START--
INFO: Run Behavior\ShowPageTraceBehavior [ RunTime:0.001000s ]
INFO: [ app_end ] --END-- [ RunTime:0.001000s ]

[ 2018-05-29T09:55:46+08:00 ] 192.168.1.9 /Admin/Ajax/getWebsiteHome.html
INFO: [ app_init ] --START--
INFO: Run Behavior\BuildLiteBehavior [ RunTime:0.000000s ]
INFO: [ app_init ] --END-- [ RunTime:0.000000s ]
INFO: [ app_begin ] --START--
INFO: Run Behavior\ReadHtmlCacheBehavior [ RunTime:0.000000s ]
INFO: [ app_begin ] --END-- [ RunTime:0.000000s ]
SQL: SHOW COLUMNS FROM `lg_agent` [ RunTime:0.0040s ]
SQL: SELECT `agent` FROM `lg_agent` WHERE `platform_id` = 1 AND `game_id` <> 104  [ RunTime:0.0000s ]
ERR: SQLSTATE[HY000] [1049] Unknown database 'website'

[ 2018-05-29T09:55:48+08:00 ] 192.168.1.9 /Admin/Website/home.html
INFO: [ app_init ] --START--
INFO: Run Behavior\BuildLiteBehavior [ RunTime:0.000000s ]
INFO: [ app_init ] --END-- [ RunTime:0.001000s ]
INFO: [ app_begin ] --START--
INFO: Run Behavior\ReadHtmlCacheBehavior [ RunTime:0.001000s ]
INFO: [ app_begin ] --END-- [ RunTime:0.001000s ]
SQL: SHOW COLUMNS FROM `lg_agent` [ RunTime:0.0040s ]
SQL: SELECT `agent` FROM `lg_agent` WHERE `platform_id` = 1 AND `game_id` <> 104  [ RunTime:0.0010s ]
INFO: [ view_parse ] --START--
INFO: [ template_filter ] --START--
INFO: Run Behavior\ContentReplaceBehavior [ RunTime:0.000000s ]
INFO: [ template_filter ] --END-- [ RunTime:0.000000s ]
INFO: Run Behavior\ParseTemplateBehavior [ RunTime:0.047000s ]
INFO: [ view_parse ] --END-- [ RunTime:0.047000s ]
INFO: [ view_filter ] --START--
INFO: Run Behavior\WriteHtmlCacheBehavior [ RunTime:0.000000s ]
INFO: [ view_filter ] --END-- [ RunTime:0.000000s ]
INFO: [ app_end ] --START--
INFO: Run Behavior\ShowPageTraceBehavior [ RunTime:0.001000s ]
INFO: [ app_end ] --END-- [ RunTime:0.001000s ]

[ 2018-05-29T09:55:48+08:00 ] 192.168.1.9 /Admin/Ajax/getWebsiteHome.html
INFO: [ app_init ] --START--
INFO: Run Behavior\BuildLiteBehavior [ RunTime:0.000000s ]
INFO: [ app_init ] --END-- [ RunTime:0.001000s ]
INFO: [ app_begin ] --START--
INFO: Run Behavior\ReadHtmlCacheBehavior [ RunTime:0.001000s ]
INFO: [ app_begin ] --END-- [ RunTime:0.002000s ]
SQL: SHOW COLUMNS FROM `lg_agent` [ RunTime:0.0020s ]
SQL: SELECT `agent` FROM `lg_agent` WHERE `platform_id` = 1 AND `game_id` <> 104  [ RunTime:0.0010s ]
ERR: SQLSTATE[HY000] [1049] Unknown database 'website'

[ 2018-05-29T09:55:49+08:00 ] 192.168.1.9 /Admin/Website/home.html
INFO: [ app_init ] --START--
INFO: Run Behavior\BuildLiteBehavior [ RunTime:0.000000s ]
INFO: [ app_init ] --END-- [ RunTime:0.000000s ]
INFO: [ app_begin ] --START--
INFO: Run Behavior\ReadHtmlCacheBehavior [ RunTime:0.000000s ]
INFO: [ app_begin ] --END-- [ RunTime:0.000000s ]
SQL: SHOW COLUMNS FROM `lg_agent` [ RunTime:0.0010s ]
SQL: SELECT `agent` FROM `lg_agent` WHERE `platform_id` = 1 AND `game_id` <> 104  [ RunTime:0.0000s ]
ERR: SQLSTATE[HY000] [1049] Unknown database 'website'

[ 2018-05-29T09:55:50+08:00 ] 192.168.1.9 /Admin/Website/webStatic.html
INFO: [ app_init ] --START--
INFO: Run Behavior\BuildLiteBehavior [ RunTime:0.000000s ]
INFO: [ app_init ] --END-- [ RunTime:0.001000s ]
INFO: [ app_begin ] --START--
INFO: Run Behavior\ReadHtmlCacheBehavior [ RunTime:0.000000s ]
INFO: [ app_begin ] --END-- [ RunTime:0.000000s ]
SQL: SHOW COLUMNS FROM `lg_agent` [ RunTime:0.0010s ]
SQL: SELECT `agent` FROM `lg_agent` WHERE `platform_id` = 1 AND `game_id` <> 104  [ RunTime:0.0000s ]
INFO: [ view_parse ] --START--
INFO: [ template_filter ] --START--
INFO: Run Behavior\ContentReplaceBehavior [ RunTime:0.000000s ]
INFO: [ template_filter ] --END-- [ RunTime:0.000000s ]
INFO: Run Behavior\ParseTemplateBehavior [ RunTime:0.004000s ]
INFO: [ view_parse ] --END-- [ RunTime:0.004000s ]
INFO: [ view_filter ] --START--
INFO: Run Behavior\WriteHtmlCacheBehavior [ RunTime:0.000000s ]
INFO: [ view_filter ] --END-- [ RunTime:0.000000s ]
INFO: [ app_end ] --START--
INFO: Run Behavior\ShowPageTraceBehavior [ RunTime:0.000000s ]
INFO: [ app_end ] --END-- [ RunTime:0.000000s ]

[ 2018-05-29T09:55:51+08:00 ] 192.168.1.9 /Admin/Ajax/getWebsiteHome.html
INFO: [ app_init ] --START--
INFO: Run Behavior\BuildLiteBehavior [ RunTime:0.000000s ]
INFO: [ app_init ] --END-- [ RunTime:0.000000s ]
INFO: [ app_begin ] --START--
INFO: Run Behavior\ReadHtmlCacheBehavior [ RunTime:0.000000s ]
INFO: [ app_begin ] --END-- [ RunTime:0.000000s ]
SQL: SHOW COLUMNS FROM `lg_agent` [ RunTime:0.0020s ]
SQL: SELECT `agent` FROM `lg_agent` WHERE `platform_id` = 1 AND `game_id` <> 104  [ RunTime:0.0000s ]
ERR: SQLSTATE[HY000] [1049] Unknown database 'website'

[ 2018-05-29T09:55:51+08:00 ] 192.168.1.9 /Admin/Website/slideTemp.html
INFO: [ app_init ] --START--
INFO: Run Behavior\BuildLiteBehavior [ RunTime:0.000000s ]
INFO: [ app_init ] --END-- [ RunTime:0.001000s ]
INFO: [ app_begin ] --START--
INFO: Run Behavior\ReadHtmlCacheBehavior [ RunTime:0.001000s ]
INFO: [ app_begin ] --END-- [ RunTime:0.001000s ]
SQL: SHOW COLUMNS FROM `lg_agent` [ RunTime:0.0020s ]
SQL: SELECT `agent` FROM `lg_agent` WHERE `platform_id` = 1 AND `game_id` <> 104  [ RunTime:0.0000s ]
INFO: [ view_parse ] --START--
INFO: [ template_filter ] --START--
INFO: Run Behavior\ContentReplaceBehavior [ RunTime:0.000000s ]
INFO: [ template_filter ] --END-- [ RunTime:0.001000s ]
INFO: Run Behavior\ParseTemplateBehavior [ RunTime:0.006000s ]
INFO: [ view_parse ] --END-- [ RunTime:0.006000s ]
INFO: [ view_filter ] --START--
INFO: Run Behavior\WriteHtmlCacheBehavior [ RunTime:0.000000s ]
INFO: [ view_filter ] --END-- [ RunTime:0.000000s ]
INFO: [ app_end ] --START--
INFO: Run Behavior\ShowPageTraceBehavior [ RunTime:0.001000s ]
INFO: [ app_end ] --END-- [ RunTime:0.001000s ]

[ 2018-05-29T09:55:51+08:00 ] 192.168.1.9 /Admin/Website/slideTemp.html
INFO: [ app_init ] --START--
INFO: Run Behavior\BuildLiteBehavior [ RunTime:0.000000s ]
INFO: [ app_init ] --END-- [ RunTime:0.000000s ]
INFO: [ app_begin ] --START--
INFO: Run Behavior\ReadHtmlCacheBehavior [ RunTime:0.000000s ]
INFO: [ app_begin ] --END-- [ RunTime:0.000000s ]
SQL: SHOW COLUMNS FROM `lg_agent` [ RunTime:0.0020s ]
SQL: SELECT `agent` FROM `lg_agent` WHERE `platform_id` = 1 AND `game_id` <> 104  [ RunTime:0.0000s ]
ERR: SQLSTATE[HY000] [1049] Unknown database 'website'

[ 2018-05-29T09:55:51+08:00 ] 192.168.1.9 /Admin/Website/slideList.html
INFO: [ app_init ] --START--
INFO: Run Behavior\BuildLiteBehavior [ RunTime:0.000000s ]
INFO: [ app_init ] --END-- [ RunTime:0.000000s ]
INFO: [ app_begin ] --START--
INFO: Run Behavior\ReadHtmlCacheBehavior [ RunTime:0.001000s ]
INFO: [ app_begin ] --END-- [ RunTime:0.001000s ]
SQL: SHOW COLUMNS FROM `lg_agent` [ RunTime:0.0020s ]
SQL: SELECT `agent` FROM `lg_agent` WHERE `platform_id` = 1 AND `game_id` <> 104  [ RunTime:0.0000s ]
INFO: [ view_parse ] --START--
INFO: [ template_filter ] --START--
INFO: Run Behavior\ContentReplaceBehavior [ RunTime:0.000000s ]
INFO: [ template_filter ] --END-- [ RunTime:0.000000s ]
INFO: Run Behavior\ParseTemplateBehavior [ RunTime:0.007000s ]
INFO: [ view_parse ] --END-- [ RunTime:0.007000s ]
INFO: [ view_filter ] --START--
INFO: Run Behavior\WriteHtmlCacheBehavior [ RunTime:0.000000s ]
INFO: [ view_filter ] --END-- [ RunTime:0.000000s ]
INFO: [ app_end ] --START--
INFO: Run Behavior\ShowPageTraceBehavior [ RunTime:0.001000s ]
INFO: [ app_end ] --END-- [ RunTime:0.001000s ]

[ 2018-05-29T09:55:51+08:00 ] 192.168.1.9 /Admin/Ajax/getWebsiteHome.html
INFO: [ app_init ] --START--
INFO: Run Behavior\BuildLiteBehavior [ RunTime:0.000000s ]
INFO: [ app_init ] --END-- [ RunTime:0.001000s ]
INFO: [ app_begin ] --START--
INFO: Run Behavior\ReadHtmlCacheBehavior [ RunTime:0.000000s ]
INFO: [ app_begin ] --END-- [ RunTime:0.000000s ]
SQL: SHOW COLUMNS FROM `lg_agent` [ RunTime:0.0020s ]
SQL: SELECT `agent` FROM `lg_agent` WHERE `platform_id` = 1 AND `game_id` <> 104  [ RunTime:0.0000s ]
ERR: SQLSTATE[HY000] [1049] Unknown database 'website'

[ 2018-05-29T09:55:51+08:00 ] 192.168.1.9 /Admin/Website/slideList.html
INFO: [ app_init ] --START--
INFO: Run Behavior\BuildLiteBehavior [ RunTime:0.000000s ]
INFO: [ app_init ] --END-- [ RunTime:0.000000s ]
INFO: [ app_begin ] --START--
INFO: Run Behavior\ReadHtmlCacheBehavior [ RunTime:0.000000s ]
INFO: [ app_begin ] --END-- [ RunTime:0.000000s ]
SQL: SHOW COLUMNS FROM `lg_agent` [ RunTime:0.0020s ]
SQL: SELECT `agent` FROM `lg_agent` WHERE `platform_id` = 1 AND `game_id` <> 104  [ RunTime:0.0000s ]
ERR: SQLSTATE[HY000] [1049] Unknown database 'website'

[ 2018-05-29T09:55:52+08:00 ] 192.168.1.9 /Admin/Website/columnList.html
INFO: [ app_init ] --START--
INFO: Run Behavior\BuildLiteBehavior [ RunTime:0.000000s ]
INFO: [ app_init ] --END-- [ RunTime:0.000000s ]
INFO: [ app_begin ] --START--
INFO: Run Behavior\ReadHtmlCacheBehavior [ RunTime:0.000000s ]
INFO: [ app_begin ] --END-- [ RunTime:0.000000s ]
SQL: SHOW COLUMNS FROM `lg_agent` [ RunTime:0.0020s ]
SQL: SELECT `agent` FROM `lg_agent` WHERE `platform_id` = 1 AND `game_id` <> 104  [ RunTime:0.0000s ]
INFO: [ view_parse ] --START--
INFO: [ template_filter ] --START--
INFO: Run Behavior\ContentReplaceBehavior [ RunTime:0.000000s ]
INFO: [ template_filter ] --END-- [ RunTime:0.000000s ]
INFO: Run Behavior\ParseTemplateBehavior [ RunTime:0.004000s ]
INFO: [ view_parse ] --END-- [ RunTime:0.004000s ]
INFO: [ view_filter ] --START--
INFO: Run Behavior\WriteHtmlCacheBehavior [ RunTime:0.000000s ]
INFO: [ view_filter ] --END-- [ RunTime:0.000000s ]
INFO: [ app_end ] --START--
INFO: Run Behavior\ShowPageTraceBehavior [ RunTime:0.000000s ]
INFO: [ app_end ] --END-- [ RunTime:0.000000s ]

[ 2018-05-29T09:55:52+08:00 ] 192.168.1.9 /Admin/Ajax/columnList.html
INFO: [ app_init ] --START--
INFO: Run Behavior\BuildLiteBehavior [ RunTime:0.000000s ]
INFO: [ app_init ] --END-- [ RunTime:0.000000s ]
INFO: [ app_begin ] --START--
INFO: Run Behavior\ReadHtmlCacheBehavior [ RunTime:0.000000s ]
INFO: [ app_begin ] --END-- [ RunTime:0.000000s ]
SQL: SHOW COLUMNS FROM `lg_agent` [ RunTime:0.0030s ]
SQL: SELECT `agent` FROM `lg_agent` WHERE `platform_id` = 1 AND `game_id` <> 104  [ RunTime:0.0010s ]
ERR: SQLSTATE[HY000] [1049] Unknown database 'website'

[ 2018-05-29T09:55:52+08:00 ] 192.168.1.9 /Admin/Website/article.html
INFO: [ app_init ] --START--
INFO: Run Behavior\BuildLiteBehavior [ RunTime:0.000000s ]
INFO: [ app_init ] --END-- [ RunTime:0.000000s ]
INFO: [ app_begin ] --START--
INFO: Run Behavior\ReadHtmlCacheBehavior [ RunTime:0.001000s ]
INFO: [ app_begin ] --END-- [ RunTime:0.001000s ]
SQL: SHOW COLUMNS FROM `lg_agent` [ RunTime:0.0030s ]
SQL: SELECT `agent` FROM `lg_agent` WHERE `platform_id` = 1 AND `game_id` <> 104  [ RunTime:0.0020s ]
INFO: [ view_parse ] --START--
INFO: [ template_filter ] --START--
INFO: Run Behavior\ContentReplaceBehavior [ RunTime:0.000000s ]
INFO: [ template_filter ] --END-- [ RunTime:0.000000s ]
INFO: Run Behavior\ParseTemplateBehavior [ RunTime:0.005000s ]
INFO: [ view_parse ] --END-- [ RunTime:0.005000s ]
INFO: [ view_filter ] --START--
INFO: Run Behavior\WriteHtmlCacheBehavior [ RunTime:0.001000s ]
INFO: [ view_filter ] --END-- [ RunTime:0.001000s ]
INFO: [ app_end ] --START--
INFO: Run Behavior\ShowPageTraceBehavior [ RunTime:0.000000s ]
INFO: [ app_end ] --END-- [ RunTime:0.000000s ]

[ 2018-05-29T09:55:52+08:00 ] 192.168.1.9 /Admin/Ajax/getWebsiteHome.html
INFO: [ app_init ] --START--
INFO: Run Behavior\BuildLiteBehavior [ RunTime:0.000000s ]
INFO: [ app_init ] --END-- [ RunTime:0.001000s ]
INFO: [ app_begin ] --START--
INFO: Run Behavior\ReadHtmlCacheBehavior [ RunTime:0.000000s ]
INFO: [ app_begin ] --END-- [ RunTime:0.000000s ]
SQL: SHOW COLUMNS FROM `lg_agent` [ RunTime:0.0020s ]
SQL: SELECT `agent` FROM `lg_agent` WHERE `platform_id` = 1 AND `game_id` <> 104  [ RunTime:0.0000s ]
ERR: SQLSTATE[HY000] [1049] Unknown database 'website'

[ 2018-05-29T09:55:53+08:00 ] 192.168.1.9 /Admin/Website/article.html
INFO: [ app_init ] --START--
INFO: Run Behavior\BuildLiteBehavior [ RunTime:0.000000s ]
INFO: [ app_init ] --END-- [ RunTime:0.000000s ]
INFO: [ app_begin ] --START--
INFO: Run Behavior\ReadHtmlCacheBehavior [ RunTime:0.001000s ]
INFO: [ app_begin ] --END-- [ RunTime:0.001000s ]
SQL: SHOW COLUMNS FROM `lg_agent` [ RunTime:0.0040s ]
SQL: SELECT `agent` FROM `lg_agent` WHERE `platform_id` = 1 AND `game_id` <> 104  [ RunTime:0.0010s ]
ERR: SQLSTATE[HY000] [1049] Unknown database 'website'

