[ 2017-02-01 00:00:20 59171 ] 内容 ： 【充值预警】Love100200充值总额：134868.00元，总充值订单数：222单 结果：{"Code":false,"Msg":"\u53d1\u9001\u5931\u8d25\uff01"} 
[ 2017-02-01 00:00:20 59171 ] 内容 ： 【充值预警】Ls5115011155014ba60efc49充值总额：34690.00元，总充值订单数：124单 结果：{"Code":false,"Msg":"\u53d1\u9001\u5931\u8d25\uff01"} 
[ 2017-02-01 00:00:20 59171 ] 内容 ： 【充值预警】linrunzu163充值总额：26962.00元，总充值订单数：177单 结果：{"Code":false,"Msg":"\u53d1\u9001\u5931\u8d25\uff01"} 
[ 2017-02-01 00:00:20 59171 ] 内容 ： 【充值预警】Lgame64147993充值总额：26652.00元，总充值订单数：64单 结果：{"Code":false,"Msg":"\u53d1\u9001\u5931\u8d25\uff01"} 
[ 2017-02-01 00:00:20 59171 ] 内容 ： 【充值预警】a13166227333充值总额：23696.00元，总充值订单数：95单 结果：{"Code":false,"Msg":"\u53d1\u9001\u5931\u8d25\uff01"} 
[ 2017-02-01 00:00:20 59171 ] 内容 ： 【充值预警】Lgame10682406充值总额：23342.00元，总充值订单数：111单 结果：{"Code":false,"Msg":"\u53d1\u9001\u5931\u8d25\uff01"} 
[ 2017-02-01 00:00:20 59171 ] 内容 ： 【充值预警】Ls51150079612058257f60b3充值总额：22276.00元，总充值订单数：69单 结果：{"Code":false,"Msg":"\u53d1\u9001\u5931\u8d25\uff01"} 
[ 2017-02-01 00:00:20 59171 ] 内容 ： 【充值预警】a13780948095充值总额：19955.00元，总充值订单数：49单 结果：{"Code":false,"Msg":"\u53d1\u9001\u5931\u8d25\uff01"} 
[ 2017-02-01 00:00:20 59171 ] 内容 ： 【充值预警】Lgame49382694充值总额：17496.00元，总充值订单数：27单 结果：{"Code":false,"Msg":"\u53d1\u9001\u5931\u8d25\uff01"} 
[ 2017-02-01 00:00:20 59171 ] 内容 ： 【充值预警】Lgame43370449充值总额：17001.00元，总充值订单数：67单 结果：{"Code":false,"Msg":"\u53d1\u9001\u5931\u8d25\uff01"} 
[ 2017-02-01 00:00:20 59171 ] 内容 ： 【充值预警】Lgame27545314充值总额：15955.00元，总充值订单数：137单 结果：{"Code":false,"Msg":"\u53d1\u9001\u5931\u8d25\uff01"} 
[ 2017-02-01 00:00:20 59171 ] 内容 ： 【充值预警】Ls511501513251ebb4745e02充值总额：15549.00元，总充值订单数：50单 结果：{"Code":false,"Msg":"\u53d1\u9001\u5931\u8d25\uff01"} 
[ 2017-02-01 00:00:20 59171 ] 内容 ： 【充值预警】Lgame21509129充值总额：14959.00元，总充值订单数：39单 结果：{"Code":false,"Msg":"\u53d1\u9001\u5931\u8d25\uff01"} 
[ 2017-02-01 00:00:20 59171 ] 内容 ： 【充值预警】Ls5115012293138654b7e0ba充值总额：14942.00元，总充值订单数：105单 结果：{"Code":false,"Msg":"\u53d1\u9001\u5931\u8d25\uff01"} 
[ 2017-02-01 00:00:20 59171 ] 内容 ： 【充值预警】Ls5115007887865ae8ab19fb充值总额：14259.00元，总充值订单数：61单 结果：{"Code":false,"Msg":"\u53d1\u9001\u5931\u8d25\uff01"} 
[ 2017-02-01 00:00:20 59171 ] 内容 ： 【充值预警】Lgame46556388充值总额：14164.00元，总充值订单数：107单 结果：{"Code":false,"Msg":"\u53d1\u9001\u5931\u8d25\uff01"} 
[ 2017-02-01 00:00:20 59171 ] 内容 ： 【充值预警】Ls511501788011171a5b092d充值总额：13795.00元，总充值订单数：144单 结果：{"Code":false,"Msg":"\u53d1\u9001\u5931\u8d25\uff01"} 
[ 2017-02-01 00:00:20 59171 ] 内容 ： 【充值预警】Lgame54843636充值总额：13600.00元，总充值订单数：77单 结果：{"Code":false,"Msg":"\u53d1\u9001\u5931\u8d25\uff01"} 
[ 2017-02-01 00:00:20 59171 ] 内容 ： 【充值预警】Ls5115012307112e0bf4ff42充值总额：12341.00元，总充值订单数：51单 结果：{"Code":false,"Msg":"\u53d1\u9001\u5931\u8d25\uff01"} 
[ 2017-02-01 00:00:20 59171 ] 内容 ： 【充值预警】lb18675881236充值总额：11151.00元，总充值订单数：79单 结果：{"Code":false,"Msg":"\u53d1\u9001\u5931\u8d25\uff01"} 
[ 2017-02-01 00:00:20 59171 ] 内容 ： 【充值预警】Ls5115000343800f954e18e2充值总额：10866.00元，总充值订单数：113单 结果：{"Code":false,"Msg":"\u53d1\u9001\u5931\u8d25\uff01"} 
[ 2017-02-01 00:00:20 59171 ] 内容 ： 【充值预警】Lgame95789176充值总额：10726.00元，总充值订单数：65单 结果：{"Code":false,"Msg":"\u53d1\u9001\u5931\u8d25\uff01"} 
[ 2017-02-01 00:00:20 59171 ] 内容 ： 【充值预警】lj18551601052充值总额：10713.00元，总充值订单数：42单 结果：{"Code":false,"Msg":"\u53d1\u9001\u5931\u8d25\uff01"} 
[ 2017-02-01 00:00:20 59171 ] 内容 ： 【充值预警】Ls5115016388481e569dd949充值总额：10387.00元，总充值订单数：106单 结果：{"Code":false,"Msg":"\u53d1\u9001\u5931\u8d25\uff01"} 
[ 2017-02-01 00:00:20 59171 ] 内容 ： 【充值预警】Ls511502082258cd117acb22充值总额：10347.00元，总充值订单数：24单 结果：{"Code":false,"Msg":"\u53d1\u9001\u5931\u8d25\uff01"} 
